<?xml version="1.0" encoding="UTF-8"?>
<!-- Generated by org.testng.reporters.JUnitReportReporter -->
<testsuite hostname="hafsas-Mac-mini.local" failures="0" tests="1" name="example.TestMain" time="32.045" errors="0" timestamp="2023-01-26T13:03:05 PKT" skipped="0">
  <testcase classname="example.TestMain" name="firstTest" time="32.045"/>
  <system-out/>
</testsuite> <!-- example.TestMain -->
