<?xml version="1.0" encoding="UTF-8"?>
<!-- Generated by org.testng.reporters.JUnitReportReporter -->
<testsuite hostname="hafsas-Mac-mini.local" failures="0" tests="1" name="example.TestCase2" time="41.136" errors="0" timestamp="2022-11-28T11:50:38 PKT" skipped="0">
  <testcase classname="example.TestCase2" name="secondTest" time="41.136"/>
  <system-out/>
</testsuite> <!-- example.TestCase2 -->
