<?xml version="1.0" encoding="UTF-8"?>
<!-- Generated by org.testng.reporters.JUnitReportReporter -->
<testsuite hostname="hafsas-Mac-mini.local" failures="0" tests="1" name="example.TestMain" time="29.396" errors="0" timestamp="2022-11-29T09:55:27 PKT" skipped="0">
  <testcase classname="example.TestMain" name="firstTest" time="29.396"/>
  <system-out/>
</testsuite> <!-- example.TestMain -->
