<?xml version="1.0" encoding="UTF-8"?>
<!-- Generated by org.testng.reporters.JUnitReportReporter -->
<testsuite hostname="hafsas-Mac-mini.local" failures="0" tests="1" name="example.TestMain" time="108.048" errors="0" timestamp="2022-11-25T12:00:43 PKT" skipped="0">
  <testcase classname="example.TestMain" name="firstTest" time="108.048"/>
  <system-out/>
</testsuite> <!-- example.TestMain -->
