<?xml version="1.0" encoding="UTF-8"?>
<!-- Generated by org.testng.reporters.JUnitReportReporter -->
<testsuite hostname="hafsas-Mac-mini.local" failures="0" tests="1" name="example.TestCase3" time="59.519" errors="0" timestamp="2023-03-07T17:16:36 PKT" skipped="0">
  <testcase classname="example.TestCase3" name="testcase4" time="59.519"/>
  <system-out/>
</testsuite> <!-- example.TestCase3 -->
