<?xml version="1.0" encoding="UTF-8"?>
<!-- Generated by org.testng.reporters.JUnitReportReporter -->
<testsuite hostname="hafsas-Mac-mini.local" failures="0" tests="1" name="example.TestMain" time="31.100" errors="0" timestamp="2023-03-07T17:16:36 PKT" skipped="0">
  <testcase classname="example.TestMain" name="firstTest" time="31.100"/>
  <system-out/>
</testsuite> <!-- example.TestMain -->
