<?xml version="1.0" encoding="UTF-8"?>
<!-- Generated by org.testng.reporters.JUnitReportReporter -->
<testsuite hostname="hafsas-Mac-mini.local" failures="0" tests="1" name="example.TestMain" time="33.845" errors="0" timestamp="2022-11-25T11:50:34 PKT" skipped="0">
  <testcase classname="example.TestMain" name="firstTest" time="33.845"/>
  <system-out/>
</testsuite> <!-- example.TestMain -->
