<?xml version="1.0" encoding="UTF-8"?>
<!-- Generated by org.testng.reporters.JUnitReportReporter -->
<testsuite hostname="hafsas-Mac-mini.local" failures="0" tests="1" name="example.TestCase2" time="37.799" errors="0" timestamp="2022-11-28T13:09:00 PKT" skipped="0">
  <testcase classname="example.TestCase2" name="secondTest" time="37.799"/>
  <system-out/>
</testsuite> <!-- example.TestCase2 -->
